<?xml version="1.0" encoding="UTF-8"?>
<!-- Generated by org.testng.reporters.JUnitReportReporter -->
<testsuite hostname="MOHAN-PC" name="pack1.demo" tests="1" failures="0" timestamp="1 Feb 2017 08:33:04 GMT" time="0.022" errors="0">
  <testcase name="m" time="0.022" classname="pack1.demo"/>
</testsuite> <!-- pack1.demo -->
